C51 COMPILER V9.60.7.0   DELAY                                                             12/03/2024 19:22:13 PAGE 1   


C51 COMPILER V9.60.7.0, COMPILATION OF MODULE DELAY
OBJECT MODULE PLACED IN .\Objects\Delay.obj
COMPILER INVOKED BY: C:\Keil_v5\C51\BIN\C51.EXE 00_Library\Delay.c OMF2 OPTIMIZE(8,SPEED) BROWSE DEBUG PRINT(.\Listings\
                    -Delay.lst) TABS(2) OBJECT(.\Objects\Delay.obj)

line level    source

   1          #include <00_Library\main.h>
   2          
   3          void Delay_ms(unsigned int t)
   4          {
   5   1          unsigned int x, y;
   6   1          for (x = 0; x < t; x++)
   7   1          {
   8   2                  for (y = 0; y <123; y++); //Delay 1ms
   9   2          }
  10   1      }


MODULE INFORMATION:   STATIC OVERLAYABLE
   CODE SIZE        =     32    ----
   CONSTANT SIZE    =   ----    ----
   XDATA SIZE       =   ----    ----
   PDATA SIZE       =   ----    ----
   DATA SIZE        =   ----    ----
   IDATA SIZE       =   ----    ----
   BIT SIZE         =   ----    ----
   EDATA SIZE       =   ----    ----
   HDATA SIZE       =   ----    ----
   XDATA CONST SIZE =   ----    ----
   FAR CONST SIZE   =   ----    ----
END OF MODULE INFORMATION.


C51 COMPILATION COMPLETE.  0 WARNING(S),  0 ERROR(S)
