C51 COMPILER V9.60.7.0   UART_MODE_1                                                       12/06/2024 22:55:48 PAGE 1   


C51 COMPILER V9.60.7.0, COMPILATION OF MODULE UART_MODE_1
OBJECT MODULE PLACED IN .\Objects\UART_Mode_1.obj
COMPILER INVOKED BY: C:\Keil_v5\C51\BIN\C51.EXE 00_Library\UART_Mode_1.c OMF2 OPTIMIZE(8,SPEED) BROWSE DEBUG PRINT(.\Lis
                    -tings\UART_Mode_1.lst) TABS(2) OBJECT(.\Objects\UART_Mode_1.obj)

line level    source

   1          #include <00_Library\main.h>
   2          #include <00_Library\UART_Mode_1.h>
   3          
   4          #if (FREQ_OSC != 11059200)
                  #error "Thu vien UART_Mode_1 chi ho tro tan so hoat dong la 11059200"
              #endif
   7          
   8          void UART_Init()
   9          {
  10   1          SM0 = 0;
  11   1          SM1 = 1;          //Chon UART mode 1
  12   1          
  13   1          TMOD &= 0x0F;       //0010 xxxx - Timer 1 hoat dong o che do 8-bits tu dong nap lai
  14   1          TMOD = 0x20;
  15   1          
  16   1          #if (BAUD_RATE == 9600)
  17   1          TH1 = 0xFD;       //Toc do baud 9600
  18   1          
  19   1          #elif (BAUD_RATE == 2400)
                  TH1 = 0xF4;       //Toc do baud 2400
                  
                  #elif (BAUD_RATE == 1200)
                  TH1 = 0xE8;       //Toc do baud 1200
                  
                  #elif (BAUD_RATE == 19200)
                  TH1 = 0xFD;       //Toc do baud 19200
                  PCON |= 0x80;
                  #else
                      #error "Toc do baud chi co the la 1 trong 4 so sau: 19200, 9600, 2400, 1200."
                  #endif
  31   1          
  32   1          TR1 = 1;          //Timer 1 se bat dau chay
  33   1          TI = 1;           //Ready to send du lieu
  34   1          REN = 1;          //Ready to receive du lieu
  35   1      }
  36          
  37          void UART_Write(char c)
  38          {
  39   1          while (TI == 0);    //Neu viec gui ky tu truoc do chua hoan tat thi wait
  40   1          TI = 0;
  41   1          SBUF = c;
  42   1      }
  43          
  44          void UART_Write_Text(char *str)
  45          {
  46   1          char i = 0;
  47   1          while(str[i] != 0)
  48   1          {
  49   2              UART_Write(str[i]);
  50   2              i++;
  51   2          }
  52   1      }
  53          
  54          char UART_Data_Ready()
C51 COMPILER V9.60.7.0   UART_MODE_1                                                       12/06/2024 22:55:48 PAGE 2   

  55          {
  56   1          return RI;
  57   1      }
  58          
  59          char UART_Read()
  60          {
  61   1          while (RI == 0);
  62   1          RI = 0;
  63   1          return SBUF;
  64   1      }


MODULE INFORMATION:   STATIC OVERLAYABLE
   CODE SIZE        =     78    ----
   CONSTANT SIZE    =   ----    ----
   XDATA SIZE       =   ----    ----
   PDATA SIZE       =   ----    ----
   DATA SIZE        =   ----       3
   IDATA SIZE       =   ----    ----
   BIT SIZE         =   ----    ----
   EDATA SIZE       =   ----    ----
   HDATA SIZE       =   ----    ----
   XDATA CONST SIZE =   ----    ----
   FAR CONST SIZE   =   ----    ----
END OF MODULE INFORMATION.


C51 COMPILATION COMPLETE.  0 WARNING(S),  0 ERROR(S)
